{"/home/rakesh/Ascendant Finance/project-files/react-crypto-pay/src/App.jsx": {"path":"/home/rakesh/Ascendant Finance/project-files/react-crypto-pay/src/App.jsx","all":false,"statementMap":{"0":{"start":{"line":1,"column":0},"end":{"line":1,"column":74}},"1":{"start":{"line":2,"column":0},"end":{"line":2,"column":18}},"2":{"start":{"line":3,"column":0},"end":{"line":3,"column":33}},"4":{"start":{"line":5,"column":0},"end":{"line":5,"column":16}},"6":{"start":{"line":7,"column":0},"end":{"line":7,"column":19}},"7":{"start":{"line":8,"column":0},"end":{"line":8,"column":44}},"10":{"start":{"line":11,"column":0},"end":{"line":11,"column":33}},"13":{"start":{"line":14,"column":0},"end":{"line":14,"column":21}},"14":{"start":{"line":15,"column":0},"end":{"line":15,"column":36}},"15":{"start":{"line":16,"column":0},"end":{"line":16,"column":36}},"29":{"start":{"line":30,"column":0},"end":{"line":30,"column":7}},"30":{"start":{"line":31,"column":0},"end":{"line":31,"column":6}},"32":{"start":{"line":33,"column":0},"end":{"line":33,"column":54}},"33":{"start":{"line":34,"column":0},"end":{"line":34,"column":70}},"34":{"start":{"line":35,"column":0},"end":{"line":35,"column":9}},"36":{"start":{"line":37,"column":0},"end":{"line":37,"column":17}},"37":{"start":{"line":38,"column":0},"end":{"line":38,"column":36}},"38":{"start":{"line":39,"column":0},"end":{"line":39,"column":6}},"41":{"start":{"line":42,"column":0},"end":{"line":42,"column":29}},"42":{"start":{"line":43,"column":0},"end":{"line":43,"column":32}},"43":{"start":{"line":44,"column":0},"end":{"line":44,"column":3}},"46":{"start":{"line":47,"column":0},"end":{"line":47,"column":10}},"47":{"start":{"line":48,"column":0},"end":{"line":48,"column":5}},"49":{"start":{"line":50,"column":0},"end":{"line":50,"column":21}},"50":{"start":{"line":51,"column":0},"end":{"line":51,"column":51}},"51":{"start":{"line":52,"column":0},"end":{"line":52,"column":30}},"52":{"start":{"line":53,"column":0},"end":{"line":53,"column":31}},"53":{"start":{"line":54,"column":0},"end":{"line":54,"column":21}},"54":{"start":{"line":55,"column":0},"end":{"line":55,"column":27}},"55":{"start":{"line":56,"column":0},"end":{"line":56,"column":28}},"56":{"start":{"line":57,"column":0},"end":{"line":57,"column":17}},"57":{"start":{"line":58,"column":0},"end":{"line":58,"column":21}},"58":{"start":{"line":59,"column":0},"end":{"line":59,"column":14}},"59":{"start":{"line":60,"column":0},"end":{"line":60,"column":15}},"60":{"start":{"line":61,"column":0},"end":{"line":61,"column":15}},"61":{"start":{"line":62,"column":0},"end":{"line":62,"column":37}},"62":{"start":{"line":63,"column":0},"end":{"line":63,"column":28}},"63":{"start":{"line":64,"column":0},"end":{"line":64,"column":25}},"64":{"start":{"line":65,"column":0},"end":{"line":65,"column":22}},"65":{"start":{"line":66,"column":0},"end":{"line":66,"column":21}},"69":{"start":{"line":70,"column":0},"end":{"line":70,"column":7}},"73":{"start":{"line":74,"column":0},"end":{"line":74,"column":8}},"77":{"start":{"line":78,"column":0},"end":{"line":78,"column":1}},"79":{"start":{"line":80,"column":0},"end":{"line":80,"column":18}}},"s":{"0":1,"1":1,"2":1,"4":2,"6":2,"7":2,"10":1,"13":1,"14":1,"15":1,"29":1,"30":1,"32":2,"33":2,"34":2,"36":2,"37":2,"38":2,"41":2,"42":1,"43":1,"46":2,"47":2,"49":2,"50":2,"51":2,"52":2,"53":2,"54":2,"55":2,"56":2,"57":2,"58":2,"59":2,"60":2,"61":2,"62":2,"63":2,"64":2,"65":2,"69":2,"73":2,"77":2,"79":1},"branchMap":{"0":{"type":"branch","line":5,"loc":{"start":{"line":5,"column":0},"end":{"line":78,"column":1}},"locations":[{"start":{"line":5,"column":0},"end":{"line":78,"column":1}}]},"1":{"type":"branch","line":7,"loc":{"start":{"line":7,"column":12},"end":{"line":35,"column":5}},"locations":[{"start":{"line":7,"column":12},"end":{"line":35,"column":5}}]},"2":{"type":"branch","line":8,"loc":{"start":{"line":8,"column":26},"end":{"line":31,"column":6}},"locations":[{"start":{"line":8,"column":26},"end":{"line":31,"column":6}}]},"3":{"type":"branch","line":34,"loc":{"start":{"line":34,"column":11},"end":{"line":34,"column":70}},"locations":[{"start":{"line":34,"column":11},"end":{"line":34,"column":70}}]},"4":{"type":"branch","line":37,"loc":{"start":{"line":37,"column":10},"end":{"line":39,"column":3}},"locations":[{"start":{"line":37,"column":10},"end":{"line":39,"column":3}}]},"5":{"type":"branch","line":42,"loc":{"start":{"line":42,"column":22},"end":{"line":44,"column":3}},"locations":[{"start":{"line":42,"column":22},"end":{"line":44,"column":3}}]}},"b":{"0":[2],"1":[2],"2":[1],"3":[2],"4":[2],"5":[1]},"fnMap":{"0":{"name":"App","decl":{"start":{"line":5,"column":0},"end":{"line":78,"column":1}},"loc":{"start":{"line":5,"column":0},"end":{"line":78,"column":1}},"line":5},"1":{"name":"handleMessage","decl":{"start":{"line":8,"column":26},"end":{"line":31,"column":6}},"loc":{"start":{"line":8,"column":26},"end":{"line":31,"column":6}},"line":8},"2":{"name":"doSomething","decl":{"start":{"line":42,"column":22},"end":{"line":44,"column":3}},"loc":{"start":{"line":42,"column":22},"end":{"line":44,"column":3}},"line":42}},"f":{"0":2,"1":1,"2":1}}
,"/home/rakesh/Ascendant Finance/project-files/react-crypto-pay/src/index.jsx": {"path":"/home/rakesh/Ascendant Finance/project-files/react-crypto-pay/src/index.jsx","all":false,"statementMap":{"0":{"start":{"line":1,"column":0},"end":{"line":1,"column":28}}},"s":{"0":1},"branchMap":{},"b":{},"fnMap":{},"f":{}}
,"/home/rakesh/Ascendant Finance/project-files/react-crypto-pay/src/main.jsx": {"path":"/home/rakesh/Ascendant Finance/project-files/react-crypto-pay/src/main.jsx","all":false,"statementMap":{"0":{"start":{"line":1,"column":0},"end":{"line":1,"column":25}},"1":{"start":{"line":2,"column":0},"end":{"line":2,"column":39}},"2":{"start":{"line":3,"column":0},"end":{"line":3,"column":27}},"3":{"start":{"line":4,"column":0},"end":{"line":4,"column":20}},"5":{"start":{"line":6,"column":0},"end":{"line":6,"column":60}},"6":{"start":{"line":7,"column":0},"end":{"line":7,"column":20}},"7":{"start":{"line":8,"column":0},"end":{"line":8,"column":11}},"8":{"start":{"line":9,"column":0},"end":{"line":9,"column":22}},"9":{"start":{"line":10,"column":0},"end":{"line":10,"column":1}}},"s":{"0":1,"1":1,"2":1,"3":1,"5":1,"6":1,"7":1,"8":1,"9":1},"branchMap":{},"b":{},"fnMap":{},"f":{}}
,"/home/rakesh/Ascendant Finance/project-files/react-crypto-pay/src/components/WaveLoading.jsx": {"path":"/home/rakesh/Ascendant Finance/project-files/react-crypto-pay/src/components/WaveLoading.jsx","all":false,"statementMap":{"0":{"start":{"line":1,"column":0},"end":{"line":1,"column":26}},"1":{"start":{"line":2,"column":0},"end":{"line":2,"column":54}},"4":{"start":{"line":5,"column":0},"end":{"line":5,"column":21}},"5":{"start":{"line":6,"column":0},"end":{"line":6,"column":19}},"6":{"start":{"line":7,"column":0},"end":{"line":7,"column":25}},"7":{"start":{"line":8,"column":0},"end":{"line":8,"column":12}},"8":{"start":{"line":9,"column":0},"end":{"line":9,"column":13}},"9":{"start":{"line":10,"column":0},"end":{"line":10,"column":11}},"10":{"start":{"line":11,"column":0},"end":{"line":11,"column":13}},"11":{"start":{"line":12,"column":0},"end":{"line":12,"column":4}},"13":{"start":{"line":14,"column":0},"end":{"line":14,"column":20}},"14":{"start":{"line":15,"column":0},"end":{"line":15,"column":18}},"15":{"start":{"line":16,"column":0},"end":{"line":16,"column":20}},"16":{"start":{"line":17,"column":0},"end":{"line":17,"column":17}},"17":{"start":{"line":18,"column":0},"end":{"line":18,"column":3}},"19":{"start":{"line":20,"column":0},"end":{"line":20,"column":25}},"20":{"start":{"line":21,"column":0},"end":{"line":21,"column":18}},"21":{"start":{"line":22,"column":0},"end":{"line":22,"column":20}},"22":{"start":{"line":23,"column":0},"end":{"line":23,"column":17}},"23":{"start":{"line":24,"column":0},"end":{"line":24,"column":3}},"25":{"start":{"line":26,"column":0},"end":{"line":26,"column":37}},"26":{"start":{"line":27,"column":0},"end":{"line":27,"column":18}},"27":{"start":{"line":28,"column":0},"end":{"line":28,"column":20}},"28":{"start":{"line":29,"column":0},"end":{"line":29,"column":17}},"29":{"start":{"line":30,"column":0},"end":{"line":30,"column":3}},"31":{"start":{"line":32,"column":0},"end":{"line":32,"column":31}},"42":{"start":{"line":43,"column":0},"end":{"line":43,"column":33}},"44":{"start":{"line":45,"column":0},"end":{"line":45,"column":76}},"49":{"start":{"line":50,"column":0},"end":{"line":50,"column":23}},"50":{"start":{"line":51,"column":0},"end":{"line":51,"column":57}},"55":{"start":{"line":56,"column":0},"end":{"line":56,"column":82}},"58":{"start":{"line":59,"column":0},"end":{"line":59,"column":36}},"62":{"start":{"line":63,"column":0},"end":{"line":63,"column":34}},"66":{"start":{"line":67,"column":0},"end":{"line":67,"column":36}},"70":{"start":{"line":71,"column":0},"end":{"line":71,"column":35}},"74":{"start":{"line":75,"column":0},"end":{"line":75,"column":35}},"78":{"start":{"line":79,"column":0},"end":{"line":79,"column":80}},"79":{"start":{"line":80,"column":0},"end":{"line":80,"column":10}},"80":{"start":{"line":81,"column":0},"end":{"line":81,"column":74}},"81":{"start":{"line":82,"column":0},"end":{"line":82,"column":53}},"82":{"start":{"line":83,"column":0},"end":{"line":83,"column":51}},"83":{"start":{"line":84,"column":0},"end":{"line":84,"column":53}},"84":{"start":{"line":85,"column":0},"end":{"line":85,"column":52}},"85":{"start":{"line":86,"column":0},"end":{"line":86,"column":52}},"86":{"start":{"line":87,"column":0},"end":{"line":87,"column":20}},"88":{"start":{"line":89,"column":0},"end":{"line":89,"column":2}},"90":{"start":{"line":91,"column":0},"end":{"line":91,"column":27}}},"s":{"0":1,"1":1,"4":1,"5":1,"6":1,"7":1,"8":1,"9":1,"10":1,"11":1,"13":1,"14":1,"15":1,"16":1,"17":1,"19":1,"20":1,"21":1,"22":1,"23":1,"25":1,"26":1,"27":1,"28":1,"29":1,"31":1,"42":1,"44":1,"49":1,"50":1,"55":1,"58":1,"62":1,"66":1,"70":1,"74":1,"78":1,"79":2,"80":2,"81":2,"82":2,"83":2,"84":2,"85":2,"86":2,"88":2,"90":1},"branchMap":{"0":{"type":"branch","line":45,"loc":{"start":{"line":45,"column":12},"end":{"line":45,"column":74}},"locations":[{"start":{"line":45,"column":12},"end":{"line":45,"column":74}}]},"1":{"type":"branch","line":45,"loc":{"start":{"line":45,"column":45},"end":{"line":45,"column":74}},"locations":[{"start":{"line":45,"column":45},"end":{"line":45,"column":74}}]},"2":{"type":"branch","line":51,"loc":{"start":{"line":51,"column":22},"end":{"line":51,"column":55}},"locations":[{"start":{"line":51,"column":22},"end":{"line":51,"column":55}}]},"3":{"type":"branch","line":51,"loc":{"start":{"line":51,"column":37},"end":{"line":51,"column":55}},"locations":[{"start":{"line":51,"column":37},"end":{"line":51,"column":55}}]},"4":{"type":"branch","line":56,"loc":{"start":{"line":56,"column":31},"end":{"line":56,"column":58}},"locations":[{"start":{"line":56,"column":31},"end":{"line":56,"column":58}}]},"5":{"type":"branch","line":56,"loc":{"start":{"line":56,"column":46},"end":{"line":56,"column":58}},"locations":[{"start":{"line":56,"column":46},"end":{"line":56,"column":58}}]},"6":{"type":"branch","line":79,"loc":{"start":{"line":79,"column":20},"end":{"line":89,"column":2}},"locations":[{"start":{"line":79,"column":20},"end":{"line":89,"column":2}}]}},"b":{"0":[2],"1":[0],"2":[10],"3":[5],"4":[10],"5":[5],"6":[2]},"fnMap":{"0":{"name":"WaveLoading","decl":{"start":{"line":79,"column":20},"end":{"line":89,"column":2}},"loc":{"start":{"line":79,"column":20},"end":{"line":89,"column":2}},"line":79}},"f":{"0":2}}
,"/home/rakesh/Ascendant Finance/project-files/react-crypto-pay/src/components/increase.jsx": {"path":"/home/rakesh/Ascendant Finance/project-files/react-crypto-pay/src/components/increase.jsx","all":false,"statementMap":{"0":{"start":{"line":1,"column":0},"end":{"line":1,"column":42}},"1":{"start":{"line":2,"column":0},"end":{"line":2,"column":12}},"2":{"start":{"line":3,"column":0},"end":{"line":3,"column":78}},"4":{"start":{"line":5,"column":0},"end":{"line":5,"column":4}},"6":{"start":{"line":7,"column":0},"end":{"line":7,"column":32}}},"s":{"0":1,"1":2,"2":2,"4":2,"6":1},"branchMap":{"0":{"type":"branch","line":1,"loc":{"start":{"line":1,"column":23},"end":{"line":5,"column":4}},"locations":[{"start":{"line":1,"column":23},"end":{"line":5,"column":4}}]},"1":{"type":"branch","line":3,"loc":{"start":{"line":3,"column":23},"end":{"line":3,"column":61}},"locations":[{"start":{"line":3,"column":23},"end":{"line":3,"column":61}}]},"2":{"type":"branch","line":3,"loc":{"start":{"line":3,"column":38},"end":{"line":3,"column":58}},"locations":[{"start":{"line":3,"column":38},"end":{"line":3,"column":58}}]}},"b":{"0":[2],"1":[1],"2":[1]},"fnMap":{"0":{"name":"IncreaseButton","decl":{"start":{"line":1,"column":23},"end":{"line":5,"column":4}},"loc":{"start":{"line":1,"column":23},"end":{"line":5,"column":4}},"line":1},"1":{"name":"onClick","decl":{"start":{"line":3,"column":23},"end":{"line":3,"column":61}},"loc":{"start":{"line":3,"column":23},"end":{"line":3,"column":61}},"line":3}},"f":{"0":2,"1":1}}
,"/home/rakesh/Ascendant Finance/project-files/react-crypto-pay/src/components/index.jsx": {"path":"/home/rakesh/Ascendant Finance/project-files/react-crypto-pay/src/components/index.jsx","all":false,"statementMap":{"0":{"start":{"line":1,"column":0},"end":{"line":1,"column":62}}},"s":{"0":1},"branchMap":{},"b":{},"fnMap":{},"f":{}}
,"/home/rakesh/Ascendant Finance/project-files/react-crypto-pay/src/components/CryptoPayButton/CryptoPayButton.jsx": {"path":"/home/rakesh/Ascendant Finance/project-files/react-crypto-pay/src/components/CryptoPayButton/CryptoPayButton.jsx","all":false,"statementMap":{"0":{"start":{"line":1,"column":0},"end":{"line":1,"column":52}},"1":{"start":{"line":2,"column":0},"end":{"line":2,"column":63}},"2":{"start":{"line":3,"column":0},"end":{"line":3,"column":57}},"3":{"start":{"line":4,"column":0},"end":{"line":4,"column":58}},"4":{"start":{"line":5,"column":0},"end":{"line":5,"column":56}},"5":{"start":{"line":6,"column":0},"end":{"line":6,"column":27}},"7":{"start":{"line":8,"column":0},"end":{"line":8,"column":26}},"8":{"start":{"line":9,"column":0},"end":{"line":9,"column":9}},"9":{"start":{"line":10,"column":0},"end":{"line":10,"column":8}},"10":{"start":{"line":11,"column":0},"end":{"line":11,"column":12}},"11":{"start":{"line":12,"column":0},"end":{"line":12,"column":12}},"12":{"start":{"line":13,"column":0},"end":{"line":13,"column":14}},"13":{"start":{"line":14,"column":0},"end":{"line":14,"column":13}},"14":{"start":{"line":15,"column":0},"end":{"line":15,"column":23}},"15":{"start":{"line":16,"column":0},"end":{"line":16,"column":8}},"16":{"start":{"line":17,"column":0},"end":{"line":17,"column":12}},"17":{"start":{"line":18,"column":0},"end":{"line":18,"column":11}},"18":{"start":{"line":19,"column":0},"end":{"line":19,"column":6}},"19":{"start":{"line":20,"column":0},"end":{"line":20,"column":11}},"20":{"start":{"line":21,"column":0},"end":{"line":21,"column":12}},"21":{"start":{"line":22,"column":0},"end":{"line":22,"column":15}},"22":{"start":{"line":23,"column":0},"end":{"line":23,"column":13}},"23":{"start":{"line":24,"column":0},"end":{"line":24,"column":12}},"24":{"start":{"line":25,"column":0},"end":{"line":25,"column":7}},"27":{"start":{"line":28,"column":0},"end":{"line":28,"column":52}},"28":{"start":{"line":29,"column":0},"end":{"line":29,"column":44}},"29":{"start":{"line":30,"column":0},"end":{"line":30,"column":49}},"32":{"start":{"line":33,"column":0},"end":{"line":33,"column":49}},"34":{"start":{"line":35,"column":0},"end":{"line":35,"column":40}},"37":{"start":{"line":38,"column":0},"end":{"line":38,"column":34}},"40":{"start":{"line":41,"column":0},"end":{"line":41,"column":19}},"41":{"start":{"line":42,"column":0},"end":{"line":42,"column":42}},"42":{"start":{"line":43,"column":0},"end":{"line":43,"column":81}},"43":{"start":{"line":44,"column":0},"end":{"line":44,"column":34}},"44":{"start":{"line":45,"column":0},"end":{"line":45,"column":41}},"45":{"start":{"line":46,"column":0},"end":{"line":46,"column":11}},"46":{"start":{"line":47,"column":0},"end":{"line":47,"column":7}},"48":{"start":{"line":49,"column":0},"end":{"line":49,"column":65}},"49":{"start":{"line":50,"column":0},"end":{"line":50,"column":20}},"50":{"start":{"line":51,"column":0},"end":{"line":51,"column":72}},"51":{"start":{"line":52,"column":0},"end":{"line":52,"column":8}},"52":{"start":{"line":53,"column":0},"end":{"line":53,"column":19}},"55":{"start":{"line":56,"column":0},"end":{"line":56,"column":23}},"56":{"start":{"line":57,"column":0},"end":{"line":57,"column":17}},"57":{"start":{"line":58,"column":0},"end":{"line":58,"column":19}},"58":{"start":{"line":59,"column":0},"end":{"line":59,"column":17}},"59":{"start":{"line":60,"column":0},"end":{"line":60,"column":18}},"60":{"start":{"line":61,"column":0},"end":{"line":61,"column":18}},"61":{"start":{"line":62,"column":0},"end":{"line":62,"column":19}},"62":{"start":{"line":63,"column":0},"end":{"line":63,"column":14}},"63":{"start":{"line":64,"column":0},"end":{"line":64,"column":3}},"68":{"start":{"line":69,"column":0},"end":{"line":69,"column":29}},"69":{"start":{"line":70,"column":0},"end":{"line":70,"column":78}},"70":{"start":{"line":71,"column":0},"end":{"line":71,"column":81}},"71":{"start":{"line":72,"column":0},"end":{"line":72,"column":29}},"72":{"start":{"line":73,"column":0},"end":{"line":73,"column":6}},"73":{"start":{"line":74,"column":0},"end":{"line":74,"column":3}},"76":{"start":{"line":77,"column":0},"end":{"line":77,"column":36}},"78":{"start":{"line":79,"column":0},"end":{"line":79,"column":21}},"80":{"start":{"line":81,"column":0},"end":{"line":81,"column":40}},"81":{"start":{"line":82,"column":0},"end":{"line":82,"column":60}},"82":{"start":{"line":83,"column":0},"end":{"line":83,"column":29}},"83":{"start":{"line":84,"column":0},"end":{"line":84,"column":35}},"84":{"start":{"line":85,"column":0},"end":{"line":85,"column":26}},"85":{"start":{"line":86,"column":0},"end":{"line":86,"column":7}},"87":{"start":{"line":88,"column":0},"end":{"line":88,"column":5}},"89":{"start":{"line":90,"column":0},"end":{"line":90,"column":48}},"90":{"start":{"line":91,"column":0},"end":{"line":91,"column":100}},"91":{"start":{"line":92,"column":0},"end":{"line":92,"column":5}},"93":{"start":{"line":94,"column":0},"end":{"line":94,"column":27}},"94":{"start":{"line":95,"column":0},"end":{"line":95,"column":52}},"95":{"start":{"line":96,"column":0},"end":{"line":96,"column":24}},"98":{"start":{"line":99,"column":0},"end":{"line":99,"column":12}},"99":{"start":{"line":100,"column":0},"end":{"line":100,"column":56}},"100":{"start":{"line":101,"column":0},"end":{"line":101,"column":26}},"104":{"start":{"line":105,"column":0},"end":{"line":105,"column":5}},"106":{"start":{"line":107,"column":0},"end":{"line":107,"column":3}},"108":{"start":{"line":109,"column":0},"end":{"line":109,"column":41}},"111":{"start":{"line":112,"column":0},"end":{"line":112,"column":89}},"112":{"start":{"line":113,"column":0},"end":{"line":113,"column":60}},"113":{"start":{"line":114,"column":0},"end":{"line":114,"column":56}},"117":{"start":{"line":118,"column":0},"end":{"line":118,"column":51}},"118":{"start":{"line":119,"column":0},"end":{"line":119,"column":18}},"119":{"start":{"line":120,"column":0},"end":{"line":120,"column":13}},"120":{"start":{"line":121,"column":0},"end":{"line":121,"column":6}},"122":{"start":{"line":123,"column":0},"end":{"line":123,"column":9}},"123":{"start":{"line":124,"column":0},"end":{"line":124,"column":44}},"124":{"start":{"line":125,"column":0},"end":{"line":125,"column":25}},"125":{"start":{"line":126,"column":0},"end":{"line":126,"column":58}},"126":{"start":{"line":127,"column":0},"end":{"line":127,"column":37}},"127":{"start":{"line":128,"column":0},"end":{"line":128,"column":9}},"131":{"start":{"line":132,"column":0},"end":{"line":132,"column":24}},"132":{"start":{"line":133,"column":0},"end":{"line":133,"column":428}},"133":{"start":{"line":134,"column":0},"end":{"line":134,"column":48}},"134":{"start":{"line":135,"column":0},"end":{"line":135,"column":51}},"135":{"start":{"line":136,"column":0},"end":{"line":136,"column":38}},"137":{"start":{"line":138,"column":0},"end":{"line":138,"column":58}},"139":{"start":{"line":140,"column":0},"end":{"line":140,"column":14}},"140":{"start":{"line":141,"column":0},"end":{"line":141,"column":69}},"141":{"start":{"line":142,"column":0},"end":{"line":142,"column":27}},"142":{"start":{"line":143,"column":0},"end":{"line":143,"column":7}},"143":{"start":{"line":144,"column":0},"end":{"line":144,"column":19}},"144":{"start":{"line":145,"column":0},"end":{"line":145,"column":37}},"145":{"start":{"line":146,"column":0},"end":{"line":146,"column":49}},"146":{"start":{"line":147,"column":0},"end":{"line":147,"column":24}},"147":{"start":{"line":148,"column":0},"end":{"line":148,"column":3}},"149":{"start":{"line":150,"column":0},"end":{"line":150,"column":17}},"150":{"start":{"line":151,"column":0},"end":{"line":151,"column":57}},"151":{"start":{"line":152,"column":0},"end":{"line":152,"column":2}},"152":{"start":{"line":153,"column":0},"end":{"line":153,"column":4}},"155":{"start":{"line":156,"column":0},"end":{"line":156,"column":38}},"156":{"start":{"line":157,"column":0},"end":{"line":157,"column":106}},"157":{"start":{"line":158,"column":0},"end":{"line":158,"column":55}},"159":{"start":{"line":160,"column":0},"end":{"line":160,"column":35}},"160":{"start":{"line":161,"column":0},"end":{"line":161,"column":24}},"161":{"start":{"line":162,"column":0},"end":{"line":162,"column":17}},"162":{"start":{"line":163,"column":0},"end":{"line":163,"column":26}},"163":{"start":{"line":164,"column":0},"end":{"line":164,"column":26}},"164":{"start":{"line":165,"column":0},"end":{"line":165,"column":64}},"165":{"start":{"line":166,"column":0},"end":{"line":166,"column":13}},"166":{"start":{"line":167,"column":0},"end":{"line":167,"column":11}},"167":{"start":{"line":168,"column":0},"end":{"line":168,"column":7}},"168":{"start":{"line":169,"column":0},"end":{"line":169,"column":4}},"170":{"start":{"line":171,"column":0},"end":{"line":171,"column":38}},"173":{"start":{"line":174,"column":0},"end":{"line":174,"column":45}},"174":{"start":{"line":175,"column":0},"end":{"line":175,"column":21}},"175":{"start":{"line":176,"column":0},"end":{"line":176,"column":22}},"176":{"start":{"line":177,"column":0},"end":{"line":177,"column":19}},"177":{"start":{"line":178,"column":0},"end":{"line":178,"column":39}},"178":{"start":{"line":179,"column":0},"end":{"line":179,"column":17}},"179":{"start":{"line":180,"column":0},"end":{"line":180,"column":75}},"180":{"start":{"line":181,"column":0},"end":{"line":181,"column":29}},"181":{"start":{"line":182,"column":0},"end":{"line":182,"column":22}},"182":{"start":{"line":183,"column":0},"end":{"line":183,"column":27}},"183":{"start":{"line":184,"column":0},"end":{"line":184,"column":35}},"185":{"start":{"line":186,"column":0},"end":{"line":186,"column":7}},"188":{"start":{"line":189,"column":0},"end":{"line":189,"column":102}},"190":{"start":{"line":191,"column":0},"end":{"line":191,"column":62}},"191":{"start":{"line":192,"column":0},"end":{"line":192,"column":30}},"192":{"start":{"line":193,"column":0},"end":{"line":193,"column":4}},"195":{"start":{"line":196,"column":0},"end":{"line":196,"column":36}},"196":{"start":{"line":197,"column":0},"end":{"line":197,"column":463}},"197":{"start":{"line":198,"column":0},"end":{"line":198,"column":45}},"198":{"start":{"line":199,"column":0},"end":{"line":199,"column":31}},"199":{"start":{"line":200,"column":0},"end":{"line":200,"column":3}},"200":{"start":{"line":201,"column":0},"end":{"line":201,"column":36}},"201":{"start":{"line":202,"column":0},"end":{"line":202,"column":405}},"202":{"start":{"line":203,"column":0},"end":{"line":203,"column":45}},"203":{"start":{"line":204,"column":0},"end":{"line":204,"column":31}},"204":{"start":{"line":205,"column":0},"end":{"line":205,"column":3}},"206":{"start":{"line":207,"column":0},"end":{"line":207,"column":50}},"208":{"start":{"line":209,"column":0},"end":{"line":209,"column":50}},"212":{"start":{"line":213,"column":0},"end":{"line":213,"column":68}},"215":{"start":{"line":216,"column":0},"end":{"line":216,"column":26}},"218":{"start":{"line":219,"column":0},"end":{"line":219,"column":58}},"220":{"start":{"line":221,"column":0},"end":{"line":221,"column":27}},"221":{"start":{"line":222,"column":0},"end":{"line":222,"column":1}},"231":{"start":{"line":232,"column":0},"end":{"line":232,"column":30}},"233":{"start":{"line":234,"column":0},"end":{"line":234,"column":25}},"234":{"start":{"line":235,"column":0},"end":{"line":235,"column":31}},"235":{"start":{"line":236,"column":0},"end":{"line":236,"column":18}},"236":{"start":{"line":237,"column":0},"end":{"line":237,"column":19}},"237":{"start":{"line":238,"column":0},"end":{"line":238,"column":24}},"238":{"start":{"line":239,"column":0},"end":{"line":239,"column":22}},"239":{"start":{"line":240,"column":0},"end":{"line":240,"column":4}},"240":{"start":{"line":241,"column":0},"end":{"line":241,"column":28}},"242":{"start":{"line":243,"column":0},"end":{"line":243,"column":24}},"243":{"start":{"line":244,"column":0},"end":{"line":244,"column":31}},"244":{"start":{"line":245,"column":0},"end":{"line":245,"column":18}},"245":{"start":{"line":246,"column":0},"end":{"line":246,"column":22}},"246":{"start":{"line":247,"column":0},"end":{"line":247,"column":19}},"247":{"start":{"line":248,"column":0},"end":{"line":248,"column":24}},"248":{"start":{"line":249,"column":0},"end":{"line":249,"column":22}},"249":{"start":{"line":250,"column":0},"end":{"line":250,"column":4}},"252":{"start":{"line":253,"column":0},"end":{"line":253,"column":24}},"253":{"start":{"line":254,"column":0},"end":{"line":254,"column":21}},"254":{"start":{"line":255,"column":0},"end":{"line":255,"column":23}},"255":{"start":{"line":256,"column":0},"end":{"line":256,"column":15}},"256":{"start":{"line":257,"column":0},"end":{"line":257,"column":6}},"257":{"start":{"line":258,"column":0},"end":{"line":258,"column":19}},"258":{"start":{"line":259,"column":0},"end":{"line":259,"column":28}},"259":{"start":{"line":260,"column":0},"end":{"line":260,"column":26}},"260":{"start":{"line":261,"column":0},"end":{"line":261,"column":51}},"261":{"start":{"line":262,"column":0},"end":{"line":262,"column":22}},"262":{"start":{"line":263,"column":0},"end":{"line":263,"column":20}},"263":{"start":{"line":264,"column":0},"end":{"line":264,"column":6}},"264":{"start":{"line":265,"column":0},"end":{"line":265,"column":13}},"265":{"start":{"line":266,"column":0},"end":{"line":266,"column":23}},"266":{"start":{"line":267,"column":0},"end":{"line":267,"column":20}},"267":{"start":{"line":268,"column":0},"end":{"line":268,"column":22}},"268":{"start":{"line":269,"column":0},"end":{"line":269,"column":27}},"269":{"start":{"line":270,"column":0},"end":{"line":270,"column":33}},"270":{"start":{"line":271,"column":0},"end":{"line":271,"column":23}},"271":{"start":{"line":272,"column":0},"end":{"line":272,"column":21}},"272":{"start":{"line":273,"column":0},"end":{"line":273,"column":26}},"273":{"start":{"line":274,"column":0},"end":{"line":274,"column":24}},"275":{"start":{"line":276,"column":0},"end":{"line":276,"column":6}},"276":{"start":{"line":277,"column":0},"end":{"line":277,"column":17}},"277":{"start":{"line":278,"column":0},"end":{"line":278,"column":20}},"278":{"start":{"line":279,"column":0},"end":{"line":279,"column":22}},"279":{"start":{"line":280,"column":0},"end":{"line":280,"column":27}},"280":{"start":{"line":281,"column":0},"end":{"line":281,"column":33}},"281":{"start":{"line":282,"column":0},"end":{"line":282,"column":23}},"282":{"start":{"line":283,"column":0},"end":{"line":283,"column":21}},"283":{"start":{"line":284,"column":0},"end":{"line":284,"column":26}},"284":{"start":{"line":285,"column":0},"end":{"line":285,"column":24}},"285":{"start":{"line":286,"column":0},"end":{"line":286,"column":26}},"286":{"start":{"line":287,"column":0},"end":{"line":287,"column":6}},"287":{"start":{"line":288,"column":0},"end":{"line":288,"column":4}},"289":{"start":{"line":290,"column":0},"end":{"line":290,"column":10}},"290":{"start":{"line":291,"column":0},"end":{"line":291,"column":6}},"291":{"start":{"line":292,"column":0},"end":{"line":292,"column":23}},"292":{"start":{"line":293,"column":0},"end":{"line":293,"column":64}},"293":{"start":{"line":294,"column":0},"end":{"line":294,"column":14}},"294":{"start":{"line":295,"column":0},"end":{"line":295,"column":13}},"295":{"start":{"line":296,"column":0},"end":{"line":296,"column":30}},"296":{"start":{"line":297,"column":0},"end":{"line":297,"column":52}},"298":{"start":{"line":299,"column":0},"end":{"line":299,"column":15}},"299":{"start":{"line":300,"column":0},"end":{"line":300,"column":15}},"300":{"start":{"line":301,"column":0},"end":{"line":301,"column":24}},"301":{"start":{"line":302,"column":0},"end":{"line":302,"column":13}},"302":{"start":{"line":303,"column":0},"end":{"line":303,"column":49}},"303":{"start":{"line":304,"column":0},"end":{"line":304,"column":22}},"304":{"start":{"line":305,"column":0},"end":{"line":305,"column":86}},"305":{"start":{"line":306,"column":0},"end":{"line":306,"column":117}},"306":{"start":{"line":307,"column":0},"end":{"line":307,"column":49}},"307":{"start":{"line":308,"column":0},"end":{"line":308,"column":31}},"308":{"start":{"line":309,"column":0},"end":{"line":309,"column":7}},"310":{"start":{"line":311,"column":0},"end":{"line":311,"column":15}},"314":{"start":{"line":315,"column":0},"end":{"line":315,"column":13}},"316":{"start":{"line":317,"column":0},"end":{"line":317,"column":13}},"318":{"start":{"line":319,"column":0},"end":{"line":319,"column":86}},"319":{"start":{"line":320,"column":0},"end":{"line":320,"column":49}},"320":{"start":{"line":321,"column":0},"end":{"line":321,"column":17}},"321":{"start":{"line":322,"column":0},"end":{"line":322,"column":22}},"322":{"start":{"line":323,"column":0},"end":{"line":323,"column":32}},"323":{"start":{"line":324,"column":0},"end":{"line":324,"column":37}},"324":{"start":{"line":325,"column":0},"end":{"line":325,"column":37}},"325":{"start":{"line":326,"column":0},"end":{"line":326,"column":41}},"326":{"start":{"line":327,"column":0},"end":{"line":327,"column":16}},"328":{"start":{"line":329,"column":0},"end":{"line":329,"column":64}},"329":{"start":{"line":330,"column":0},"end":{"line":330,"column":72}},"331":{"start":{"line":332,"column":0},"end":{"line":332,"column":19}},"332":{"start":{"line":333,"column":0},"end":{"line":333,"column":19}},"334":{"start":{"line":335,"column":0},"end":{"line":335,"column":76}},"335":{"start":{"line":336,"column":0},"end":{"line":336,"column":34}},"336":{"start":{"line":337,"column":0},"end":{"line":337,"column":32}},"337":{"start":{"line":338,"column":0},"end":{"line":338,"column":37}},"338":{"start":{"line":339,"column":0},"end":{"line":339,"column":37}},"339":{"start":{"line":340,"column":0},"end":{"line":340,"column":39}},"341":{"start":{"line":342,"column":0},"end":{"line":342,"column":126}},"342":{"start":{"line":343,"column":0},"end":{"line":343,"column":27}},"343":{"start":{"line":344,"column":0},"end":{"line":344,"column":77}},"344":{"start":{"line":345,"column":0},"end":{"line":345,"column":32}},"345":{"start":{"line":346,"column":0},"end":{"line":346,"column":32}},"346":{"start":{"line":347,"column":0},"end":{"line":347,"column":37}},"347":{"start":{"line":348,"column":0},"end":{"line":348,"column":37}},"348":{"start":{"line":349,"column":0},"end":{"line":349,"column":39}},"351":{"start":{"line":352,"column":0},"end":{"line":352,"column":126}},"352":{"start":{"line":353,"column":0},"end":{"line":353,"column":27}},"353":{"start":{"line":354,"column":0},"end":{"line":354,"column":79}},"354":{"start":{"line":355,"column":0},"end":{"line":355,"column":32}},"355":{"start":{"line":356,"column":0},"end":{"line":356,"column":32}},"356":{"start":{"line":357,"column":0},"end":{"line":357,"column":37}},"357":{"start":{"line":358,"column":0},"end":{"line":358,"column":37}},"358":{"start":{"line":359,"column":0},"end":{"line":359,"column":39}},"361":{"start":{"line":362,"column":0},"end":{"line":362,"column":123}},"362":{"start":{"line":363,"column":0},"end":{"line":363,"column":27}},"364":{"start":{"line":365,"column":0},"end":{"line":365,"column":16}},"365":{"start":{"line":366,"column":0},"end":{"line":366,"column":14}},"367":{"start":{"line":368,"column":0},"end":{"line":368,"column":7}},"369":{"start":{"line":370,"column":0},"end":{"line":370,"column":2}},"371":{"start":{"line":372,"column":0},"end":{"line":372,"column":31}}},"s":{"0":1,"1":1,"2":1,"3":1,"4":1,"5":1,"7":1,"8":45,"9":45,"10":45,"11":45,"12":45,"13":45,"14":45,"15":45,"16":45,"17":45,"18":45,"19":45,"20":45,"21":45,"22":45,"23":45,"24":45,"27":45,"28":45,"29":45,"32":45,"34":45,"37":45,"40":45,"41":23,"42":1,"43":1,"44":1,"45":1,"46":1,"48":23,"49":23,"50":23,"51":23,"52":45,"55":45,"56":45,"57":45,"58":45,"59":45,"60":45,"61":45,"62":45,"63":45,"68":45,"69":20,"70":20,"71":20,"72":20,"73":20,"76":45,"78":20,"80":20,"81":20,"82":20,"83":13,"84":13,"85":13,"87":20,"89":20,"90":15,"91":15,"93":20,"94":9,"95":9,"98":20,"99":11,"100":11,"104":11,"106":20,"108":45,"111":11,"112":11,"113":11,"117":11,"118":11,"119":11,"120":11,"122":11,"123":11,"124":11,"125":11,"126":11,"127":11,"131":11,"132":8,"133":8,"134":8,"135":8,"137":8,"139":11,"140":1,"141":1,"142":1,"143":11,"144":1,"145":1,"146":1,"147":1,"149":10,"150":0,"151":0,"152":11,"155":45,"156":14,"157":11,"159":11,"160":11,"161":8,"162":8,"163":8,"164":2,"165":2,"166":8,"167":11,"168":14,"170":45,"173":2,"174":2,"175":2,"176":2,"177":2,"178":2,"179":2,"180":2,"181":2,"182":2,"183":2,"185":2,"188":2,"190":2,"191":2,"192":2,"195":45,"196":2,"197":2,"198":2,"199":2,"200":45,"201":2,"202":2,"203":2,"204":2,"206":45,"208":16,"212":16,"215":16,"218":16,"220":16,"221":16,"231":45,"233":45,"234":45,"235":45,"236":45,"237":45,"238":45,"239":45,"240":45,"242":45,"243":45,"244":45,"245":45,"246":45,"247":45,"248":45,"249":45,"252":45,"253":45,"254":45,"255":45,"256":45,"257":45,"258":45,"259":45,"260":45,"261":45,"262":45,"263":45,"264":45,"265":45,"266":45,"267":45,"268":45,"269":45,"270":45,"271":45,"272":45,"273":45,"275":45,"276":45,"277":45,"278":45,"279":45,"280":45,"281":45,"282":45,"283":45,"284":45,"285":45,"286":45,"287":45,"289":45,"290":45,"291":45,"292":36,"293":36,"294":36,"295":36,"296":36,"298":36,"299":36,"300":36,"301":4,"302":4,"303":4,"304":1,"305":4,"306":4,"307":4,"308":4,"310":4,"314":36,"316":36,"318":9,"319":9,"320":9,"321":9,"322":9,"323":9,"324":9,"325":9,"326":9,"328":9,"329":9,"331":9,"332":9,"334":9,"335":9,"336":9,"337":9,"338":9,"339":9,"341":9,"342":9,"343":9,"344":9,"345":9,"346":9,"347":9,"348":9,"351":9,"352":9,"353":9,"354":9,"355":9,"356":9,"357":9,"358":9,"361":9,"362":9,"364":9,"365":9,"367":45,"369":45,"371":1},"branchMap":{"0":{"type":"branch","line":8,"loc":{"start":{"line":8,"column":24},"end":{"line":370,"column":2}},"locations":[{"start":{"line":8,"column":24},"end":{"line":370,"column":2}}]},"1":{"type":"branch","line":292,"loc":{"start":{"line":292,"column":9},"end":{"line":317,"column":13}},"locations":[{"start":{"line":292,"column":9},"end":{"line":317,"column":13}}]},"2":{"type":"branch","line":301,"loc":{"start":{"line":301,"column":7},"end":{"line":311,"column":15}},"locations":[{"start":{"line":301,"column":7},"end":{"line":311,"column":15}}]},"3":{"type":"branch","line":317,"loc":{"start":{"line":317,"column":7},"end":{"line":366,"column":14}},"locations":[{"start":{"line":317,"column":7},"end":{"line":366,"column":14}}]},"4":{"type":"branch","line":41,"loc":{"start":{"line":41,"column":12},"end":{"line":53,"column":5}},"locations":[{"start":{"line":41,"column":12},"end":{"line":53,"column":5}}]},"5":{"type":"branch","line":42,"loc":{"start":{"line":42,"column":6},"end":{"line":47,"column":7}},"locations":[{"start":{"line":42,"column":6},"end":{"line":47,"column":7}}]},"6":{"type":"branch","line":50,"loc":{"start":{"line":50,"column":13},"end":{"line":52,"column":8}},"locations":[{"start":{"line":50,"column":13},"end":{"line":52,"column":8}}]},"7":{"type":"branch","line":69,"loc":{"start":{"line":69,"column":2},"end":{"line":74,"column":3}},"locations":[{"start":{"line":69,"column":2},"end":{"line":74,"column":3}}]},"8":{"type":"branch","line":70,"loc":{"start":{"line":70,"column":32},"end":{"line":70,"column":65}},"locations":[{"start":{"line":70,"column":32},"end":{"line":70,"column":65}}]},"9":{"type":"branch","line":70,"loc":{"start":{"line":70,"column":55},"end":{"line":70,"column":78}},"locations":[{"start":{"line":70,"column":55},"end":{"line":70,"column":78}}]},"10":{"type":"branch","line":77,"loc":{"start":{"line":77,"column":23},"end":{"line":107,"column":3}},"locations":[{"start":{"line":77,"column":23},"end":{"line":107,"column":3}}]},"11":{"type":"branch","line":83,"loc":{"start":{"line":83,"column":28},"end":{"line":86,"column":7}},"locations":[{"start":{"line":83,"column":28},"end":{"line":86,"column":7}}]},"12":{"type":"branch","line":90,"loc":{"start":{"line":90,"column":47},"end":{"line":92,"column":5}},"locations":[{"start":{"line":90,"column":47},"end":{"line":92,"column":5}}]},"13":{"type":"branch","line":94,"loc":{"start":{"line":94,"column":26},"end":{"line":99,"column":11}},"locations":[{"start":{"line":94,"column":26},"end":{"line":99,"column":11}}]},"14":{"type":"branch","line":99,"loc":{"start":{"line":99,"column":4},"end":{"line":105,"column":5}},"locations":[{"start":{"line":99,"column":4},"end":{"line":105,"column":5}}]},"15":{"type":"branch","line":109,"loc":{"start":{"line":109,"column":21},"end":{"line":153,"column":4}},"locations":[{"start":{"line":109,"column":21},"end":{"line":153,"column":4}}]},"16":{"type":"branch","line":128,"loc":{"start":{"line":128,"column":7},"end":{"line":132,"column":23}},"locations":[{"start":{"line":128,"column":7},"end":{"line":132,"column":23}}]},"17":{"type":"branch","line":132,"loc":{"start":{"line":132,"column":23},"end":{"line":140,"column":13}},"locations":[{"start":{"line":132,"column":23},"end":{"line":140,"column":13}}]},"18":{"type":"branch","line":133,"loc":{"start":{"line":133,"column":97},"end":{"line":133,"column":142}},"locations":[{"start":{"line":133,"column":97},"end":{"line":133,"column":142}}]},"19":{"type":"branch","line":133,"loc":{"start":{"line":133,"column":138},"end":{"line":133,"column":181}},"locations":[{"start":{"line":133,"column":138},"end":{"line":133,"column":181}}]},"20":{"type":"branch","line":133,"loc":{"start":{"line":133,"column":361},"end":{"line":133,"column":372}},"locations":[{"start":{"line":133,"column":361},"end":{"line":133,"column":372}}]},"21":{"type":"branch","line":133,"loc":{"start":{"line":133,"column":365},"end":{"line":133,"column":377}},"locations":[{"start":{"line":133,"column":365},"end":{"line":133,"column":377}}]},"22":{"type":"branch","line":140,"loc":{"start":{"line":140,"column":6},"end":{"line":143,"column":7}},"locations":[{"start":{"line":140,"column":6},"end":{"line":143,"column":7}}]},"23":{"type":"branch","line":144,"loc":{"start":{"line":144,"column":2},"end":{"line":148,"column":3}},"locations":[{"start":{"line":144,"column":2},"end":{"line":148,"column":3}}]},"24":{"type":"branch","line":148,"loc":{"start":{"line":148,"column":2},"end":{"line":152,"column":2}},"locations":[{"start":{"line":148,"column":2},"end":{"line":152,"column":2}}]},"25":{"type":"branch","line":156,"loc":{"start":{"line":156,"column":26},"end":{"line":169,"column":4}},"locations":[{"start":{"line":156,"column":26},"end":{"line":169,"column":4}}]},"26":{"type":"branch","line":157,"loc":{"start":{"line":157,"column":55},"end":{"line":168,"column":7}},"locations":[{"start":{"line":157,"column":55},"end":{"line":168,"column":7}}]},"27":{"type":"branch","line":161,"loc":{"start":{"line":161,"column":23},"end":{"line":167,"column":11}},"locations":[{"start":{"line":161,"column":23},"end":{"line":167,"column":11}}]},"28":{"type":"branch","line":164,"loc":{"start":{"line":164,"column":12},"end":{"line":166,"column":13}},"locations":[{"start":{"line":164,"column":12},"end":{"line":166,"column":13}}]},"29":{"type":"branch","line":171,"loc":{"start":{"line":171,"column":25},"end":{"line":193,"column":4}},"locations":[{"start":{"line":171,"column":25},"end":{"line":193,"column":4}}]},"30":{"type":"branch","line":180,"loc":{"start":{"line":180,"column":57},"end":{"line":180,"column":68}},"locations":[{"start":{"line":180,"column":57},"end":{"line":180,"column":68}}]},"31":{"type":"branch","line":180,"loc":{"start":{"line":180,"column":61},"end":{"line":180,"column":75}},"locations":[{"start":{"line":180,"column":61},"end":{"line":180,"column":75}}]},"32":{"type":"branch","line":196,"loc":{"start":{"line":196,"column":23},"end":{"line":200,"column":3}},"locations":[{"start":{"line":196,"column":23},"end":{"line":200,"column":3}}]},"33":{"type":"branch","line":197,"loc":{"start":{"line":197,"column":155},"end":{"line":197,"column":200}},"locations":[{"start":{"line":197,"column":155},"end":{"line":197,"column":200}}]},"34":{"type":"branch","line":197,"loc":{"start":{"line":197,"column":196},"end":{"line":197,"column":209}},"locations":[{"start":{"line":197,"column":196},"end":{"line":197,"column":209}}]},"35":{"type":"branch","line":197,"loc":{"start":{"line":197,"column":366},"end":{"line":197,"column":377}},"locations":[{"start":{"line":197,"column":366},"end":{"line":197,"column":377}}]},"36":{"type":"branch","line":197,"loc":{"start":{"line":197,"column":370},"end":{"line":197,"column":382}},"locations":[{"start":{"line":197,"column":370},"end":{"line":197,"column":382}}]},"37":{"type":"branch","line":201,"loc":{"start":{"line":201,"column":23},"end":{"line":205,"column":3}},"locations":[{"start":{"line":201,"column":23},"end":{"line":205,"column":3}}]},"38":{"type":"branch","line":202,"loc":{"start":{"line":202,"column":132},"end":{"line":202,"column":177}},"locations":[{"start":{"line":202,"column":132},"end":{"line":202,"column":177}}]},"39":{"type":"branch","line":202,"loc":{"start":{"line":202,"column":173},"end":{"line":202,"column":186}},"locations":[{"start":{"line":202,"column":173},"end":{"line":202,"column":186}}]},"40":{"type":"branch","line":202,"loc":{"start":{"line":202,"column":323},"end":{"line":202,"column":334}},"locations":[{"start":{"line":202,"column":323},"end":{"line":202,"column":334}}]},"41":{"type":"branch","line":202,"loc":{"start":{"line":202,"column":327},"end":{"line":202,"column":339}},"locations":[{"start":{"line":202,"column":327},"end":{"line":202,"column":339}}]},"42":{"type":"branch","line":207,"loc":{"start":{"line":207,"column":2},"end":{"line":222,"column":1}},"locations":[{"start":{"line":207,"column":2},"end":{"line":222,"column":1}}]},"43":{"type":"branch","line":213,"loc":{"start":{"line":213,"column":21},"end":{"line":213,"column":65}},"locations":[{"start":{"line":213,"column":21},"end":{"line":213,"column":65}}]},"44":{"type":"branch","line":303,"loc":{"start":{"line":303,"column":20},"end":{"line":303,"column":49}},"locations":[{"start":{"line":303,"column":20},"end":{"line":303,"column":49}}]},"45":{"type":"branch","line":304,"loc":{"start":{"line":304,"column":14},"end":{"line":305,"column":86}},"locations":[{"start":{"line":304,"column":14},"end":{"line":305,"column":86}}]},"46":{"type":"branch","line":305,"loc":{"start":{"line":305,"column":15},"end":{"line":305,"column":46}},"locations":[{"start":{"line":305,"column":15},"end":{"line":305,"column":46}}]},"47":{"type":"branch","line":306,"loc":{"start":{"line":306,"column":15},"end":{"line":306,"column":117}},"locations":[{"start":{"line":306,"column":15},"end":{"line":306,"column":117}}]}},"b":{"0":[45],"1":[36],"2":[4],"3":[9],"4":[23],"5":[1],"6":[23],"7":[20],"8":[2],"9":[1],"10":[20],"11":[13],"12":[15],"13":[9],"14":[11],"15":[11],"16":[9],"17":[8],"18":[7],"19":[1],"20":[7],"21":[1],"22":[1],"23":[1],"24":[10],"25":[14],"26":[11],"27":[8],"28":[2],"29":[2],"30":[1],"31":[1],"32":[2],"33":[1],"34":[1],"35":[1],"36":[1],"37":[2],"38":[1],"39":[1],"40":[1],"41":[1],"42":[16],"43":[0],"44":[1],"45":[1],"46":[1],"47":[1]},"fnMap":{"0":{"name":"CryptoPayButton","decl":{"start":{"line":8,"column":24},"end":{"line":370,"column":2}},"loc":{"start":{"line":8,"column":24},"end":{"line":370,"column":2}},"line":8},"1":{"name":"handleClickOutside","decl":{"start":{"line":42,"column":6},"end":{"line":47,"column":7}},"loc":{"start":{"line":42,"column":6},"end":{"line":47,"column":7}},"line":42},"2":{"name":"isMobileDevice","decl":{"start":{"line":69,"column":2},"end":{"line":74,"column":3}},"loc":{"start":{"line":69,"column":2},"end":{"line":74,"column":3}},"line":69},"3":{"name":"handleDevice","decl":{"start":{"line":77,"column":23},"end":{"line":107,"column":3}},"loc":{"start":{"line":77,"column":23},"end":{"line":107,"column":3}},"line":77},"4":{"name":"openPortal","decl":{"start":{"line":109,"column":21},"end":{"line":153,"column":4}},"loc":{"start":{"line":109,"column":21},"end":{"line":153,"column":4}},"line":109},"5":{"name":"handleMessage","decl":{"start":{"line":156,"column":26},"end":{"line":169,"column":4}},"loc":{"start":{"line":156,"column":26},"end":{"line":169,"column":4}},"line":156},"6":{"name":"phantomConnect","decl":{"start":{"line":171,"column":25},"end":{"line":193,"column":4}},"loc":{"start":{"line":171,"column":25},"end":{"line":193,"column":4}},"line":171},"7":{"name":"goToCoinbase","decl":{"start":{"line":196,"column":23},"end":{"line":200,"column":3}},"loc":{"start":{"line":196,"column":23},"end":{"line":200,"column":3}},"line":196},"8":{"name":"goToMetamask","decl":{"start":{"line":201,"column":23},"end":{"line":205,"column":3}},"loc":{"start":{"line":201,"column":23},"end":{"line":205,"column":3}},"line":201},"9":{"name":"addItemToLocalStorageArray","decl":{"start":{"line":207,"column":2},"end":{"line":222,"column":1}},"loc":{"start":{"line":207,"column":2},"end":{"line":222,"column":1}},"line":207},"10":{"name":"onMouseEnter","decl":{"start":{"line":303,"column":20},"end":{"line":303,"column":49}},"loc":{"start":{"line":303,"column":20},"end":{"line":303,"column":49}},"line":303},"11":{"name":"onMouseLeave","decl":{"start":{"line":304,"column":14},"end":{"line":305,"column":86}},"loc":{"start":{"line":304,"column":14},"end":{"line":305,"column":86}},"line":304},"12":{"name":"onClick","decl":{"start":{"line":306,"column":15},"end":{"line":306,"column":117}},"loc":{"start":{"line":306,"column":15},"end":{"line":306,"column":117}},"line":306}},"f":{"0":45,"1":1,"2":20,"3":20,"4":11,"5":14,"6":2,"7":2,"8":2,"9":16,"10":1,"11":1,"12":1}}
,"/home/rakesh/Ascendant Finance/project-files/react-crypto-pay/src/components/CryptoPayButton/index.jsx": {"path":"/home/rakesh/Ascendant Finance/project-files/react-crypto-pay/src/components/CryptoPayButton/index.jsx","all":false,"statementMap":{"0":{"start":{"line":1,"column":0},"end":{"line":1,"column":44}}},"s":{"0":1},"branchMap":{},"b":{},"fnMap":{},"f":{}}
}
